Documentation/kernel-parameters.txt
Documentation/power/tuxonice-internals.txt
Documentation/power/tuxonice.txt
MAINTAINERS
arch/arm/Kconfig
arch/arm/configs/tegra_vcm30t30_android_defconfig
arch/arm/include/asm/memory.h
arch/arm/include/asm/suspend.h
arch/arm/kernel/Makefile
arch/arm/kernel/hibernate.c
arch/arm/kernel/hibernate_asm.S
arch/arm/mach-tegra/board-andia-power.c
arch/arm/mach-tegra/timer.c
arch/powerpc/mm/pgtable_32.c
arch/powerpc/platforms/83xx/suspend.c
arch/powerpc/platforms/ps3/device-init.c
arch/x86/kernel/reboot.c
arch/x86/mm/pageattr.c
arch/x86/power/cpu.c
arch/x86/power/hibernate_32.c
arch/x86/power/hibernate_64.c
block/Makefile
block/blk-core.c
block/genhd.c
block/uuid.c
crypto/Kconfig
crypto/Makefile
crypto/lzf.c
drivers/acpi/acpi_pad.c
drivers/base/power/main.c
drivers/base/power/wakeup.c
drivers/block/xen-blkback/blkback.c
drivers/gpu/drm/drm_gem.c
drivers/gpu/drm/ttm/ttm_tt.c
drivers/input/keyboard/gpio_keys.c
drivers/md/md.c
drivers/net/irda/stir4200.c
drivers/staging/zram/zram_drv.c
drivers/tty/vt/vt.c
drivers/uwb/uwbd.c
drivers/w1/w1.c
fs/block_dev.c
fs/btrfs/async-thread.c
fs/btrfs/disk-io.c
fs/drop_caches.c
fs/ext4/super.c
fs/fuse/control.c
fs/fuse/dev.c
fs/fuse/dir.c
fs/fuse/file.c
fs/fuse/fuse.h
fs/fuse/inode.c
fs/gfs2/log.c
fs/gfs2/quota.c
fs/jbd/journal.c
fs/jbd2/journal.c
fs/jfs/jfs_logmgr.c
fs/jfs/jfs_txnmgr.c
fs/namei.c
fs/nilfs2/segment.c
fs/super.c
fs/xfs/xfs_trans_ail.c
include/linux/bio.h
include/linux/blk_types.h
include/linux/freezer.h
include/linux/fs.h
include/linux/fs_uuid.h
include/linux/mm.h
include/linux/netlink.h
include/linux/shmem_fs.h
include/linux/suspend.h
include/linux/swap.h
include/linux/tuxonice.h
init/do_mounts.c
init/do_mounts_initrd.c
init/main.c
ipc/shm.c
kernel/cpu.c
kernel/kmod.c
kernel/kthread.c
kernel/pid.c
kernel/power/Kconfig
kernel/power/Makefile
kernel/power/console.c
kernel/power/hibernate.c
kernel/power/main.c
kernel/power/power.h
kernel/power/process.c
kernel/power/snapshot.c
kernel/power/suspend.c
kernel/power/tuxonice.h
kernel/power/tuxonice_alloc.c
kernel/power/tuxonice_alloc.h
kernel/power/tuxonice_atomic_copy.c
kernel/power/tuxonice_atomic_copy.h
kernel/power/tuxonice_bio.h
kernel/power/tuxonice_bio_chains.c
kernel/power/tuxonice_bio_core.c
kernel/power/tuxonice_bio_internal.h
kernel/power/tuxonice_bio_signature.c
kernel/power/tuxonice_builtin.c
kernel/power/tuxonice_builtin.h
kernel/power/tuxonice_checksum.c
kernel/power/tuxonice_checksum.h
kernel/power/tuxonice_cluster.c
kernel/power/tuxonice_cluster.h
kernel/power/tuxonice_compress.c
kernel/power/tuxonice_extent.c
kernel/power/tuxonice_extent.h
kernel/power/tuxonice_file.c
kernel/power/tuxonice_highlevel.c
kernel/power/tuxonice_io.c
kernel/power/tuxonice_io.h
kernel/power/tuxonice_modules.c
kernel/power/tuxonice_modules.h
kernel/power/tuxonice_netlink.c
kernel/power/tuxonice_netlink.h
kernel/power/tuxonice_pagedir.c
kernel/power/tuxonice_pagedir.h
kernel/power/tuxonice_pageflags.c
kernel/power/tuxonice_pageflags.h
kernel/power/tuxonice_power_off.c
kernel/power/tuxonice_power_off.h
kernel/power/tuxonice_prepare_image.c
kernel/power/tuxonice_prepare_image.h
kernel/power/tuxonice_storage.c
kernel/power/tuxonice_storage.h
kernel/power/tuxonice_swap.c
kernel/power/tuxonice_sysfs.c
kernel/power/tuxonice_sysfs.h
kernel/power/tuxonice_ui.c
kernel/power/tuxonice_ui.h
kernel/power/tuxonice_userui.c
kernel/power/user.c
kernel/printk.c
mm/ashmem.c
mm/bootmem.c
mm/highmem.c
mm/memory.c
mm/mmzone.c
mm/page-writeback.c
mm/page_alloc.c
mm/shmem.c
mm/swap_state.c
mm/swapfile.c
mm/vmscan.c
